<?xml version="1.0" encoding="UTF-8"?>
<!-- Generated by org.testng.reporters.JUnitReportReporter -->
<testsuite hostname="BOOK-E70BI2Q7TQ" failures="0" tests="1" name="com.mystore.testcases.TC_MyAccountPageTest" time="22.230" errors="0" timestamp="2024-05-06T10:53:56 IST" skipped="0">
  <testcase classname="com.mystore.testcases.TC_MyAccountPageTest" name="verifyFlipkart" time="22.230"/>
  <system-out/>
</testsuite> <!-- com.mystore.testcases.TC_MyAccountPageTest -->
